# JRE version: OpenJDK Runtime Environment Temurin-21.0.10+7 (21.0.10+7) (build 21.0.10+7-LTS)
# Java VM: OpenJDK 64-Bit Server VM Temurin-21.0.10+7 (21.0.10+7-LTS, mixed mode, sharing, tiered, compressed oops, compressed class ptrs, parallel gc, windows-amd64)
GC Precious Log:
 CardTable entry size: 512
 CPUs: 12 total, 12 available
 Memory: 16334M
 Large Page Support: Disabled
 NUMA Support: Disabled
 Compressed Oops: Enabled (32-bit)
 Alignments: Space 512K, Generation 512K, Heap 2M
 Heap Min Capacity: 100M
 Heap Initial Capacity: 100M
 Heap Max Capacity: 2G
 Pre-touch: Disabled
 Parallel Workers: 10
Heap:
 PSYoungGen      total 10752K, used 7461K [0x00000000d5580000, 0x00000000d6280000, 0x0000000100000000)
  eden space 9728K, 69% used [0x00000000d5580000,0x00000000d5c18050,0x00000000d5f00000)
  from space 1024K, 69% used [0x00000000d5f00000,0x00000000d5fb1420,0x00000000d6000000)
  to   space 1536K, 0% used [0x00000000d6100000,0x00000000d6100000,0x00000000d6280000)
 ParOldGen       total 99840K, used 96805K [0x0000000080000000, 0x0000000086180000, 0x00000000d5580000)
  object space 99840K, 96% used [0x0000000080000000,0x0000000085e89470,0x0000000086180000)
 Metaspace       used 65269K, committed 66752K, reserved 1114112K
  class space    used 6929K, committed 7552K, reserved 1048576K
GC Heap History (20 events):
Event: 9.762 GC heap before
{Heap before GC invocations=89 (full 3):
 PSYoungGen      total 11776K, used 11456K [0x00000000d5580000, 0x00000000d6400000, 0x0000000100000000)
  eden space 10752K, 100% used [0x00000000d5580000,0x00000000d6000000,0x00000000d6000000)
  from space 1024K, 68% used [0x00000000d6000000,0x00000000d60b0000,0x00000000d6100000)
  to   space 1536K, 0% used [0x00000000d6280000,0x00000000d6280000,0x00000000d6400000)
 ParOldGen       total 76288K, used 59830K [0x0000000080000000, 0x0000000084a80000, 0x00000000d5580000)
  object space 76288K, 78% used [0x0000000080000000,0x0000000083a6da30,0x0000000084a80000)
 Metaspace       used 61872K, committed 63232K, reserved 1114112K
  class space    used 6558K, committed 7168K, reserved 1048576K
}
Event: 9.763 GC heap after
{Heap after GC invocations=89 (full 3):
 PSYoungGen      total 11264K, used 288K [0x00000000d5580000, 0x00000000d6300000, 0x0000000100000000)
  eden space 10752K, 0% used [0x00000000d5580000,0x00000000d5580000,0x00000000d6000000)
  from space 512K, 56% used [0x00000000d6280000,0x00000000d62c8000,0x00000000d6300000)
  to   space 1024K, 0% used [0x00000000d6100000,0x00000000d6100000,0x00000000d6200000)
 ParOldGen       total 76288K, used 59979K [0x0000000080000000, 0x0000000084a80000, 0x00000000d5580000)
  object space 76288K, 78% used [0x0000000080000000,0x0000000083a92f48,0x0000000084a80000)
 Metaspace       used 61872K, committed 63232K, reserved 1114112K
  class space    used 6558K, committed 7168K, reserved 1048576K
}
Event: 242.972 GC heap before
{Heap before GC invocations=90 (full 3):
 PSYoungGen      total 11264K, used 11040K [0x00000000d5580000, 0x00000000d6300000, 0x0000000100000000)
  eden space 10752K, 100% used [0x00000000d5580000,0x00000000d6000000,0x00000000d6000000)
  from space 512K, 56% used [0x00000000d6280000,0x00000000d62c8000,0x00000000d6300000)
  to   space 1024K, 0% used [0x00000000d6100000,0x00000000d6100000,0x00000000d6200000)
 ParOldGen       total 76288K, used 59979K [0x0000000080000000, 0x0000000084a80000, 0x00000000d5580000)
  object space 76288K, 78% used [0x0000000080000000,0x0000000083a92f48,0x0000000084a80000)
 Metaspace       used 62358K, committed 63808K, reserved 1114112K
  class space    used 6592K, committed 7232K, reserved 1048576K
}
Event: 242.973 GC heap after
{Heap after GC invocations=90 (full 3):
 PSYoungGen      total 11776K, used 992K [0x00000000d5580000, 0x00000000d6300000, 0x0000000100000000)
  eden space 10752K, 0% used [0x00000000d5580000,0x00000000d5580000,0x00000000d6000000)
  from space 1024K, 96% used [0x00000000d6100000,0x00000000d61f8020,0x00000000d6200000)
  to   space 1024K, 0% used [0x00000000d6200000,0x00000000d6200000,0x00000000d6300000)
 ParOldGen       total 76288K, used 60075K [0x0000000080000000, 0x0000000084a80000, 0x00000000d5580000)
  object space 76288K, 78% used [0x0000000080000000,0x0000000083aaaf48,0x0000000084a80000)
 Metaspace       used 62358K, committed 63808K, reserved 1114112K
  class space    used 6592K, committed 7232K, reserved 1048576K
}
Event: 243.045 GC heap before
{Heap before GC invocations=91 (full 3):
 PSYoungGen      total 11776K, used 11744K [0x00000000d5580000, 0x00000000d6300000, 0x0000000100000000)
  eden space 10752K, 100% used [0x00000000d5580000,0x00000000d6000000,0x00000000d6000000)
  from space 1024K, 96% used [0x00000000d6100000,0x00000000d61f8020,0x00000000d6200000)
  to   space 1024K, 0% used [0x00000000d6200000,0x00000000d6200000,0x00000000d6300000)
 ParOldGen       total 76288K, used 60075K [0x0000000080000000, 0x0000000084a80000, 0x00000000d5580000)
  object space 76288K, 78% used [0x0000000080000000,0x0000000083aaaf48,0x0000000084a80000)
 Metaspace       used 62427K, committed 63872K, reserved 1114112K
  class space    used 6593K, committed 7232K, reserved 1048576K
}
Event: 243.047 GC heap after
{Heap after GC invocations=91 (full 3):
 PSYoungGen      total 11264K, used 288K [0x00000000d5580000, 0x00000000d6280000, 0x0000000100000000)
  eden space 10752K, 0% used [0x00000000d5580000,0x00000000d5580000,0x00000000d6000000)
  from space 512K, 56% used [0x00000000d6200000,0x00000000d6248000,0x00000000d6280000)
  to   space 1024K, 0% used [0x00000000d6080000,0x00000000d6080000,0x00000000d6180000)
 ParOldGen       total 76288K, used 60483K [0x0000000080000000, 0x0000000084a80000, 0x00000000d5580000)
  object space 76288K, 79% used [0x0000000080000000,0x0000000083b10f68,0x0000000084a80000)
 Metaspace       used 62427K, committed 63872K, reserved 1114112K
  class space    used 6593K, committed 7232K, reserved 1048576K
}
Event: 243.119 GC heap before
{Heap before GC invocations=92 (full 3):
 PSYoungGen      total 11264K, used 11040K [0x00000000d5580000, 0x00000000d6280000, 0x0000000100000000)
  eden space 10752K, 100% used [0x00000000d5580000,0x00000000d6000000,0x00000000d6000000)
  from space 512K, 56% used [0x00000000d6200000,0x00000000d6248000,0x00000000d6280000)
  to   space 1024K, 0% used [0x00000000d6080000,0x00000000d6080000,0x00000000d6180000)
 ParOldGen       total 76288K, used 60483K [0x0000000080000000, 0x0000000084a80000, 0x00000000d5580000)
  object space 76288K, 79% used [0x0000000080000000,0x0000000083b10f68,0x0000000084a80000)
 Metaspace       used 62512K, committed 63936K, reserved 1114112K
  class space    used 6593K, committed 7232K, reserved 1048576K
}
Event: 243.120 GC heap after
{Heap after GC invocations=92 (full 3):
 PSYoungGen      total 11776K, used 352K [0x00000000d5580000, 0x00000000d6280000, 0x0000000100000000)
  eden space 10752K, 0% used [0x00000000d5580000,0x00000000d5580000,0x00000000d6000000)
  from space 1024K, 34% used [0x00000000d6080000,0x00000000d60d8000,0x00000000d6180000)
  to   space 512K, 0% used [0x00000000d6200000,0x00000000d6200000,0x00000000d6280000)
 ParOldGen       total 76288K, used 60571K [0x0000000080000000, 0x0000000084a80000, 0x00000000d5580000)
  object space 76288K, 79% used [0x0000000080000000,0x0000000083b26f68,0x0000000084a80000)
 Metaspace       used 62512K, committed 63936K, reserved 1114112K
  class space    used 6593K, committed 7232K, reserved 1048576K
}
Event: 249.367 GC heap before
{Heap before GC invocations=93 (full 3):
 PSYoungGen      total 11776K, used 11104K [0x00000000d5580000, 0x00000000d6280000, 0x0000000100000000)
  eden space 10752K, 100% used [0x00000000d5580000,0x00000000d6000000,0x00000000d6000000)
  from space 1024K, 34% used [0x00000000d6080000,0x00000000d60d8000,0x00000000d6180000)
  to   space 512K, 0% used [0x00000000d6200000,0x00000000d6200000,0x00000000d6280000)
 ParOldGen       total 76288K, used 60571K [0x0000000080000000, 0x0000000084a80000, 0x00000000d5580000)
  object space 76288K, 79% used [0x0000000080000000,0x0000000083b26f68,0x0000000084a80000)
 Metaspace       used 62802K, committed 64192K, reserved 1114112K
  class space    used 6622K, committed 7232K, reserved 1048576K
}
Event: 249.368 GC heap after
{Heap after GC invocations=93 (full 3):
 PSYoungGen      total 10240K, used 487K [0x00000000d5580000, 0x00000000d6600000, 0x0000000100000000)
  eden space 9728K, 0% used [0x00000000d5580000,0x00000000d5580000,0x00000000d5f00000)
  from space 512K, 95% used [0x00000000d6200000,0x00000000d6279c88,0x00000000d6280000)
  to   space 3072K, 0% used [0x00000000d5f00000,0x00000000d5f00000,0x00000000d6200000)
 ParOldGen       total 76288K, used 62549K [0x0000000080000000, 0x0000000084a80000, 0x00000000d5580000)
  object space 76288K, 81% used [0x0000000080000000,0x0000000083d15610,0x0000000084a80000)
 Metaspace       used 62802K, committed 64192K, reserved 1114112K
  class space    used 6622K, committed 7232K, reserved 1048576K
}
Event: 249.394 GC heap before
{Heap before GC invocations=94 (full 3):
 PSYoungGen      total 10240K, used 10215K [0x00000000d5580000, 0x00000000d6600000, 0x0000000100000000)
  eden space 9728K, 100% used [0x00000000d5580000,0x00000000d5f00000,0x00000000d5f00000)
  from space 512K, 95% used [0x00000000d6200000,0x00000000d6279c88,0x00000000d6280000)
  to   space 3072K, 0% used [0x00000000d5f00000,0x00000000d5f00000,0x00000000d6200000)
 ParOldGen       total 76288K, used 62549K [0x0000000080000000, 0x0000000084a80000, 0x00000000d5580000)
  object space 76288K, 81% used [0x0000000080000000,0x0000000083d15610,0x0000000084a80000)
 Metaspace       used 62804K, committed 64192K, reserved 1114112K
  class space    used 6622K, committed 7232K, reserved 1048576K
}
Event: 249.395 GC heap after
{Heap after GC invocations=94 (full 3):
 PSYoungGen      total 12800K, used 3040K [0x00000000d5580000, 0x00000000d6700000, 0x0000000100000000)
  eden space 9728K, 0% used [0x00000000d5580000,0x00000000d5580000,0x00000000d5f00000)
  from space 3072K, 98% used [0x00000000d5f00000,0x00000000d61f8398,0x00000000d6200000)
  to   space 4096K, 0% used [0x00000000d6300000,0x00000000d6300000,0x00000000d6700000)
 ParOldGen       total 76288K, used 63224K [0x0000000080000000, 0x0000000084a80000, 0x00000000d5580000)
  object space 76288K, 82% used [0x0000000080000000,0x0000000083dbe370,0x0000000084a80000)
 Metaspace       used 62804K, committed 64192K, reserved 1114112K
  class space    used 6622K, committed 7232K, reserved 1048576K
}
Event: 325.396 GC heap before
{Heap before GC invocations=95 (full 3):
 PSYoungGen      total 12800K, used 12768K [0x00000000d5580000, 0x00000000d6700000, 0x0000000100000000)
  eden space 9728K, 100% used [0x00000000d5580000,0x00000000d5f00000,0x00000000d5f00000)
  from space 3072K, 98% used [0x00000000d5f00000,0x00000000d61f8398,0x00000000d6200000)
  to   space 4096K, 0% used [0x00000000d6300000,0x00000000d6300000,0x00000000d6700000)
 ParOldGen       total 76288K, used 63224K [0x0000000080000000, 0x0000000084a80000, 0x00000000d5580000)
  object space 76288K, 82% used [0x0000000080000000,0x0000000083dbe370,0x0000000084a80000)
 Metaspace       used 63456K, committed 64896K, reserved 1114112K
  class space    used 6721K, committed 7360K, reserved 1048576K
}
Event: 325.398 GC heap after
{Heap after GC invocations=95 (full 3):
 PSYoungGen      total 11264K, used 1344K [0x00000000d5580000, 0x00000000d6480000, 0x0000000100000000)
  eden space 9728K, 0% used [0x00000000d5580000,0x00000000d5580000,0x00000000d5f00000)
  from space 1536K, 87% used [0x00000000d6300000,0x00000000d6450010,0x00000000d6480000)
  to   space 2560K, 0% used [0x00000000d5f80000,0x00000000d5f80000,0x00000000d6200000)
 ParOldGen       total 76288K, used 63536K [0x0000000080000000, 0x0000000084a80000, 0x00000000d5580000)
  object space 76288K, 83% used [0x0000000080000000,0x0000000083e0c370,0x0000000084a80000)
 Metaspace       used 63456K, committed 64896K, reserved 1114112K
  class space    used 6721K, committed 7360K, reserved 1048576K
}
Event: 325.638 GC heap before
{Heap before GC invocations=96 (full 3):
 PSYoungGen      total 11264K, used 11072K [0x00000000d5580000, 0x00000000d6480000, 0x0000000100000000)
  eden space 9728K, 99% used [0x00000000d5580000,0x00000000d5effff8,0x00000000d5f00000)
  from space 1536K, 87% used [0x00000000d6300000,0x00000000d6450010,0x00000000d6480000)
  to   space 2560K, 0% used [0x00000000d5f80000,0x00000000d5f80000,0x00000000d6200000)
 ParOldGen       total 76288K, used 63536K [0x0000000080000000, 0x0000000084a80000, 0x00000000d5580000)
  object space 76288K, 83% used [0x0000000080000000,0x0000000083e0c370,0x0000000084a80000)
 Metaspace       used 64163K, committed 65664K, reserved 1114112K
  class space    used 6806K, committed 7424K, reserved 1048576K
}
Event: 325.640 GC heap after
{Heap after GC invocations=96 (full 3):
 PSYoungGen      total 12288K, used 736K [0x00000000d5580000, 0x00000000d6380000, 0x0000000100000000)
  eden space 9728K, 0% used [0x00000000d5580000,0x00000000d5580000,0x00000000d5f00000)
  from space 2560K, 28% used [0x00000000d5f80000,0x00000000d6038000,0x00000000d6200000)
  to   space 1536K, 0% used [0x00000000d6200000,0x00000000d6200000,0x00000000d6380000)
 ParOldGen       total 76288K, used 64687K [0x0000000080000000, 0x0000000084a80000, 0x00000000d5580000)
  object space 76288K, 84% used [0x0000000080000000,0x0000000083f2bfb0,0x0000000084a80000)
 Metaspace       used 64163K, committed 65664K, reserved 1114112K
  class space    used 6806K, committed 7424K, reserved 1048576K
}
Event: 325.695 GC heap before
{Heap before GC invocations=97 (full 3):
 PSYoungGen      total 12288K, used 10464K [0x00000000d5580000, 0x00000000d6380000, 0x0000000100000000)
  eden space 9728K, 100% used [0x00000000d5580000,0x00000000d5f00000,0x00000000d5f00000)
  from space 2560K, 28% used [0x00000000d5f80000,0x00000000d6038000,0x00000000d6200000)
  to   space 1536K, 0% used [0x00000000d6200000,0x00000000d6200000,0x00000000d6380000)
 ParOldGen       total 76288K, used 64687K [0x0000000080000000, 0x0000000084a80000, 0x00000000d5580000)
  object space 76288K, 84% used [0x0000000080000000,0x0000000083f2bfb0,0x0000000084a80000)
 Metaspace       used 64429K, committed 65920K, reserved 1114112K
  class space    used 6847K, committed 7488K, reserved 1048576K
}
Event: 325.697 GC heap after
{Heap after GC invocations=97 (full 3):
 PSYoungGen      total 11264K, used 1520K [0x00000000d5580000, 0x00000000d6400000, 0x0000000100000000)
  eden space 9728K, 0% used [0x00000000d5580000,0x00000000d5580000,0x00000000d5f00000)
  from space 1536K, 98% used [0x00000000d6200000,0x00000000d637c010,0x00000000d6380000)
  to   space 2560K, 0% used [0x00000000d5f00000,0x00000000d5f00000,0x00000000d6180000)
 ParOldGen       total 76288K, used 65289K [0x0000000080000000, 0x0000000084a80000, 0x00000000d5580000)
  object space 76288K, 85% used [0x0000000080000000,0x0000000083fc2430,0x0000000084a80000)
 Metaspace       used 64429K, committed 65920K, reserved 1114112K
  class space    used 6847K, committed 7488K, reserved 1048576K
}
Event: 325.755 GC heap before
{Heap before GC invocations=98 (full 3):
 PSYoungGen      total 11264K, used 11248K [0x00000000d5580000, 0x00000000d6400000, 0x0000000100000000)
  eden space 9728K, 100% used [0x00000000d5580000,0x00000000d5f00000,0x00000000d5f00000)
  from space 1536K, 98% used [0x00000000d6200000,0x00000000d637c010,0x00000000d6380000)
  to   space 2560K, 0% used [0x00000000d5f00000,0x00000000d5f00000,0x00000000d6180000)
 ParOldGen       total 76288K, used 65289K [0x0000000080000000, 0x0000000084a80000, 0x00000000d5580000)
  object space 76288K, 85% used [0x0000000080000000,0x0000000083fc2430,0x0000000084a80000)
 Metaspace       used 64818K, committed 66304K, reserved 1114112K
  class space    used 6894K, committed 7488K, reserved 1048576K
}
Event: 325.756 GC heap after
{Heap after GC invocations=98 (full 3):
 PSYoungGen      total 10752K, used 709K [0x00000000d5580000, 0x00000000d6280000, 0x0000000100000000)
  eden space 9728K, 0% used [0x00000000d5580000,0x00000000d5580000,0x00000000d5f00000)
  from space 1024K, 69% used [0x00000000d5f00000,0x00000000d5fb1420,0x00000000d6000000)
  to   space 1536K, 0% used [0x00000000d6100000,0x00000000d6100000,0x00000000d6280000)
 ParOldGen       total 76288K, used 66085K [0x0000000080000000, 0x0000000084a80000, 0x00000000d5580000)
  object space 76288K, 86% used [0x0000000080000000,0x0000000084089440,0x0000000084a80000)
 Metaspace       used 64818K, committed 66304K, reserved 1114112K
  class space    used 6894K, committed 7488K, reserved 1048576K
}

