# JRE version: OpenJDK Runtime Environment Temurin-21.0.10+7 (21.0.10+7) (build 21.0.10+7-LTS)
# Java VM: OpenJDK 64-Bit Server VM Temurin-21.0.10+7 (21.0.10+7-LTS, mixed mode, sharing, tiered, compressed oops, compressed class ptrs, parallel gc, windows-amd64)
GC Precious Log:
 CardTable entry size: 512
 CPUs: 12 total, 12 available
 Memory: 16334M
 Large Page Support: Disabled
 NUMA Support: Disabled
 Compressed Oops: Enabled (32-bit)
 Alignments: Space 512K, Generation 512K, Heap 2M
 Heap Min Capacity: 100M
 Heap Initial Capacity: 100M
 Heap Max Capacity: 2G
 Pre-touch: Disabled
 Parallel Workers: 10
Heap:
 PSYoungGen      total 15360K, used 11745K [0x00000000d5580000, 0x00000000d6980000, 0x0000000100000000)
  eden space 14336K, 78% used [0x00000000d5580000,0x00000000d6078680,0x00000000d6380000)
  from space 1024K, 50% used [0x00000000d6780000,0x00000000d6800000,0x00000000d6880000)
  to   space 1024K, 0% used [0x00000000d6880000,0x00000000d6880000,0x00000000d6980000)
 ParOldGen       total 68608K, used 36005K [0x0000000080000000, 0x0000000084300000, 0x00000000d5580000)
  object space 68608K, 52% used [0x0000000080000000,0x0000000082329660,0x0000000084300000)
 Metaspace       used 47597K, committed 48896K, reserved 1114112K
  class space    used 5215K, committed 5696K, reserved 1048576K
GC Heap History (20 events):
Event: 5.724 GC heap before
{Heap before GC invocations=16 (full 2):
 PSYoungGen      total 23040K, used 22016K [0x00000000d5580000, 0x00000000d7100000, 0x0000000100000000)
  eden space 22016K, 100% used [0x00000000d5580000,0x00000000d6b00000,0x00000000d6b00000)
  from space 1024K, 0% used [0x00000000d6b00000,0x00000000d6b00000,0x00000000d6c00000)
  to   space 2560K, 0% used [0x00000000d6e80000,0x00000000d6e80000,0x00000000d7100000)
 ParOldGen       total 68608K, used 20919K [0x0000000080000000, 0x0000000084300000, 0x00000000d5580000)
  object space 68608K, 30% used [0x0000000080000000,0x000000008146df88,0x0000000084300000)
 Metaspace       used 36233K, committed 37440K, reserved 1114112K
  class space    used 3729K, committed 4288K, reserved 1048576K
}
Event: 5.728 GC heap after
{Heap after GC invocations=16 (full 2):
 PSYoungGen      total 16896K, used 2547K [0x00000000d5580000, 0x00000000d8100000, 0x0000000100000000)
  eden space 14336K, 0% used [0x00000000d5580000,0x00000000d5580000,0x00000000d6380000)
  from space 2560K, 99% used [0x00000000d6e80000,0x00000000d70fce60,0x00000000d7100000)
  to   space 11264K, 0% used [0x00000000d6380000,0x00000000d6380000,0x00000000d6e80000)
 ParOldGen       total 68608K, used 28037K [0x0000000080000000, 0x0000000084300000, 0x00000000d5580000)
  object space 68608K, 40% used [0x0000000080000000,0x0000000081b61688,0x0000000084300000)
 Metaspace       used 36233K, committed 37440K, reserved 1114112K
  class space    used 3729K, committed 4288K, reserved 1048576K
}
Event: 5.812 GC heap before
{Heap before GC invocations=17 (full 2):
 PSYoungGen      total 16896K, used 16883K [0x00000000d5580000, 0x00000000d8100000, 0x0000000100000000)
  eden space 14336K, 100% used [0x00000000d5580000,0x00000000d6380000,0x00000000d6380000)
  from space 2560K, 99% used [0x00000000d6e80000,0x00000000d70fce60,0x00000000d7100000)
  to   space 11264K, 0% used [0x00000000d6380000,0x00000000d6380000,0x00000000d6e80000)
 ParOldGen       total 68608K, used 28037K [0x0000000080000000, 0x0000000084300000, 0x00000000d5580000)
  object space 68608K, 40% used [0x0000000080000000,0x0000000081b61688,0x0000000084300000)
 Metaspace       used 37858K, committed 39168K, reserved 1114112K
  class space    used 3976K, committed 4544K, reserved 1048576K
}
Event: 5.815 GC heap after
{Heap after GC invocations=17 (full 2):
 PSYoungGen      total 16384K, used 1712K [0x00000000d5580000, 0x00000000d6f00000, 0x0000000100000000)
  eden space 14336K, 0% used [0x00000000d5580000,0x00000000d5580000,0x00000000d6380000)
  from space 2048K, 83% used [0x00000000d6380000,0x00000000d652c010,0x00000000d6580000)
  to   space 4608K, 0% used [0x00000000d6a80000,0x00000000d6a80000,0x00000000d6f00000)
 ParOldGen       total 68608K, used 30603K [0x0000000080000000, 0x0000000084300000, 0x00000000d5580000)
  object space 68608K, 44% used [0x0000000080000000,0x0000000081de2eb0,0x0000000084300000)
 Metaspace       used 37858K, committed 39168K, reserved 1114112K
  class space    used 3976K, committed 4544K, reserved 1048576K
}
Event: 5.936 GC heap before
{Heap before GC invocations=18 (full 2):
 PSYoungGen      total 16384K, used 16048K [0x00000000d5580000, 0x00000000d6f00000, 0x0000000100000000)
  eden space 14336K, 100% used [0x00000000d5580000,0x00000000d6380000,0x00000000d6380000)
  from space 2048K, 83% used [0x00000000d6380000,0x00000000d652c010,0x00000000d6580000)
  to   space 4608K, 0% used [0x00000000d6a80000,0x00000000d6a80000,0x00000000d6f00000)
 ParOldGen       total 68608K, used 30603K [0x0000000080000000, 0x0000000084300000, 0x00000000d5580000)
  object space 68608K, 44% used [0x0000000080000000,0x0000000081de2eb0,0x0000000084300000)
 Metaspace       used 38736K, committed 39872K, reserved 1114112K
  class space    used 4110K, committed 4608K, reserved 1048576K
}
Event: 5.938 GC heap after
{Heap after GC invocations=18 (full 2):
 PSYoungGen      total 15360K, used 747K [0x00000000d5580000, 0x00000000d6b80000, 0x0000000100000000)
  eden space 14336K, 0% used [0x00000000d5580000,0x00000000d5580000,0x00000000d6380000)
  from space 1024K, 72% used [0x00000000d6a80000,0x00000000d6b3ad30,0x00000000d6b80000)
  to   space 2048K, 0% used [0x00000000d6780000,0x00000000d6780000,0x00000000d6980000)
 ParOldGen       total 68608K, used 32152K [0x0000000080000000, 0x0000000084300000, 0x00000000d5580000)
  object space 68608K, 46% used [0x0000000080000000,0x0000000081f660c0,0x0000000084300000)
 Metaspace       used 38736K, committed 39872K, reserved 1114112K
  class space    used 4110K, committed 4608K, reserved 1048576K
}
Event: 6.065 GC heap before
{Heap before GC invocations=19 (full 2):
 PSYoungGen      total 15360K, used 15083K [0x00000000d5580000, 0x00000000d6b80000, 0x0000000100000000)
  eden space 14336K, 100% used [0x00000000d5580000,0x00000000d6380000,0x00000000d6380000)
  from space 1024K, 72% used [0x00000000d6a80000,0x00000000d6b3ad30,0x00000000d6b80000)
  to   space 2048K, 0% used [0x00000000d6780000,0x00000000d6780000,0x00000000d6980000)
 ParOldGen       total 68608K, used 32152K [0x0000000080000000, 0x0000000084300000, 0x00000000d5580000)
  object space 68608K, 46% used [0x0000000080000000,0x0000000081f660c0,0x0000000084300000)
 Metaspace       used 39758K, committed 40960K, reserved 1114112K
  class space    used 4238K, committed 4736K, reserved 1048576K
}
Event: 6.066 GC heap after
{Heap after GC invocations=19 (full 2):
 PSYoungGen      total 16384K, used 512K [0x00000000d5580000, 0x00000000d6b00000, 0x0000000100000000)
  eden space 14336K, 0% used [0x00000000d5580000,0x00000000d5580000,0x00000000d6380000)
  from space 2048K, 25% used [0x00000000d6780000,0x00000000d6800000,0x00000000d6980000)
  to   space 1024K, 0% used [0x00000000d6a00000,0x00000000d6a00000,0x00000000d6b00000)
 ParOldGen       total 68608K, used 32528K [0x0000000080000000, 0x0000000084300000, 0x00000000d5580000)
  object space 68608K, 47% used [0x0000000080000000,0x0000000081fc40c0,0x0000000084300000)
 Metaspace       used 39758K, committed 40960K, reserved 1114112K
  class space    used 4238K, committed 4736K, reserved 1048576K
}
Event: 6.218 GC heap before
{Heap before GC invocations=20 (full 2):
 PSYoungGen      total 16384K, used 14848K [0x00000000d5580000, 0x00000000d6b00000, 0x0000000100000000)
  eden space 14336K, 100% used [0x00000000d5580000,0x00000000d6380000,0x00000000d6380000)
  from space 2048K, 25% used [0x00000000d6780000,0x00000000d6800000,0x00000000d6980000)
  to   space 1024K, 0% used [0x00000000d6a00000,0x00000000d6a00000,0x00000000d6b00000)
 ParOldGen       total 68608K, used 32528K [0x0000000080000000, 0x0000000084300000, 0x00000000d5580000)
  object space 68608K, 47% used [0x0000000080000000,0x0000000081fc40c0,0x0000000084300000)
 Metaspace       used 41178K, committed 42304K, reserved 1114112K
  class space    used 4434K, committed 4928K, reserved 1048576K
}
Event: 6.219 GC heap after
{Heap after GC invocations=20 (full 2):
 PSYoungGen      total 15360K, used 672K [0x00000000d5580000, 0x00000000d6b00000, 0x0000000100000000)
  eden space 14336K, 0% used [0x00000000d5580000,0x00000000d5580000,0x00000000d6380000)
  from space 1024K, 65% used [0x00000000d6a00000,0x00000000d6aa8000,0x00000000d6b00000)
  to   space 1024K, 0% used [0x00000000d6900000,0x00000000d6900000,0x00000000d6a00000)
 ParOldGen       total 68608K, used 32832K [0x0000000080000000, 0x0000000084300000, 0x00000000d5580000)
  object space 68608K, 47% used [0x0000000080000000,0x00000000820100c0,0x0000000084300000)
 Metaspace       used 41178K, committed 42304K, reserved 1114112K
  class space    used 4434K, committed 4928K, reserved 1048576K
}
Event: 6.397 GC heap before
{Heap before GC invocations=21 (full 2):
 PSYoungGen      total 15360K, used 15008K [0x00000000d5580000, 0x00000000d6b00000, 0x0000000100000000)
  eden space 14336K, 100% used [0x00000000d5580000,0x00000000d6380000,0x00000000d6380000)
  from space 1024K, 65% used [0x00000000d6a00000,0x00000000d6aa8000,0x00000000d6b00000)
  to   space 1024K, 0% used [0x00000000d6900000,0x00000000d6900000,0x00000000d6a00000)
 ParOldGen       total 68608K, used 32832K [0x0000000080000000, 0x0000000084300000, 0x00000000d5580000)
  object space 68608K, 47% used [0x0000000080000000,0x00000000820100c0,0x0000000084300000)
 Metaspace       used 42776K, committed 43968K, reserved 1114112K
  class space    used 4629K, committed 5120K, reserved 1048576K
}
Event: 6.398 GC heap after
{Heap after GC invocations=21 (full 2):
 PSYoungGen      total 15360K, used 928K [0x00000000d5580000, 0x00000000d6a80000, 0x0000000100000000)
  eden space 14336K, 0% used [0x00000000d5580000,0x00000000d5580000,0x00000000d6380000)
  from space 1024K, 90% used [0x00000000d6900000,0x00000000d69e8000,0x00000000d6a00000)
  to   space 512K, 0% used [0x00000000d6a00000,0x00000000d6a00000,0x00000000d6a80000)
 ParOldGen       total 68608K, used 33272K [0x0000000080000000, 0x0000000084300000, 0x00000000d5580000)
  object space 68608K, 48% used [0x0000000080000000,0x000000008207e0c0,0x0000000084300000)
 Metaspace       used 42776K, committed 43968K, reserved 1114112K
  class space    used 4629K, committed 5120K, reserved 1048576K
}
Event: 6.619 GC heap before
{Heap before GC invocations=22 (full 2):
 PSYoungGen      total 15360K, used 15264K [0x00000000d5580000, 0x00000000d6a80000, 0x0000000100000000)
  eden space 14336K, 100% used [0x00000000d5580000,0x00000000d6380000,0x00000000d6380000)
  from space 1024K, 90% used [0x00000000d6900000,0x00000000d69e8000,0x00000000d6a00000)
  to   space 512K, 0% used [0x00000000d6a00000,0x00000000d6a00000,0x00000000d6a80000)
 ParOldGen       total 68608K, used 33272K [0x0000000080000000, 0x0000000084300000, 0x00000000d5580000)
  object space 68608K, 48% used [0x0000000080000000,0x000000008207e0c0,0x0000000084300000)
 Metaspace       used 44473K, committed 45696K, reserved 1114112K
  class space    used 4868K, committed 5376K, reserved 1048576K
}
Event: 6.621 GC heap after
{Heap after GC invocations=22 (full 2):
 PSYoungGen      total 14848K, used 512K [0x00000000d5580000, 0x00000000d6a80000, 0x0000000100000000)
  eden space 14336K, 0% used [0x00000000d5580000,0x00000000d5580000,0x00000000d6380000)
  from space 512K, 100% used [0x00000000d6a00000,0x00000000d6a80000,0x00000000d6a80000)
  to   space 2048K, 0% used [0x00000000d6680000,0x00000000d6680000,0x00000000d6880000)
 ParOldGen       total 68608K, used 34447K [0x0000000080000000, 0x0000000084300000, 0x00000000d5580000)
  object space 68608K, 50% used [0x0000000080000000,0x00000000821a3de0,0x0000000084300000)
 Metaspace       used 44473K, committed 45696K, reserved 1114112K
  class space    used 4868K, committed 5376K, reserved 1048576K
}
Event: 6.781 GC heap before
{Heap before GC invocations=23 (full 2):
 PSYoungGen      total 14848K, used 14848K [0x00000000d5580000, 0x00000000d6a80000, 0x0000000100000000)
  eden space 14336K, 100% used [0x00000000d5580000,0x00000000d6380000,0x00000000d6380000)
  from space 512K, 100% used [0x00000000d6a00000,0x00000000d6a80000,0x00000000d6a80000)
  to   space 2048K, 0% used [0x00000000d6680000,0x00000000d6680000,0x00000000d6880000)
 ParOldGen       total 68608K, used 34447K [0x0000000080000000, 0x0000000084300000, 0x00000000d5580000)
  object space 68608K, 50% used [0x0000000080000000,0x00000000821a3de0,0x0000000084300000)
 Metaspace       used 45792K, committed 47040K, reserved 1114112K
  class space    used 5034K, committed 5568K, reserved 1048576K
}
Event: 6.783 GC heap after
{Heap after GC invocations=23 (full 2):
 PSYoungGen      total 16384K, used 992K [0x00000000d5580000, 0x00000000d6a80000, 0x0000000100000000)
  eden space 14336K, 0% used [0x00000000d5580000,0x00000000d5580000,0x00000000d6380000)
  from space 2048K, 48% used [0x00000000d6680000,0x00000000d6778000,0x00000000d6880000)
  to   space 1536K, 0% used [0x00000000d6900000,0x00000000d6900000,0x00000000d6a80000)
 ParOldGen       total 68608K, used 34943K [0x0000000080000000, 0x0000000084300000, 0x00000000d5580000)
  object space 68608K, 50% used [0x0000000080000000,0x000000008221fde0,0x0000000084300000)
 Metaspace       used 45792K, committed 47040K, reserved 1114112K
  class space    used 5034K, committed 5568K, reserved 1048576K
}
Event: 7.182 GC heap before
{Heap before GC invocations=24 (full 2):
 PSYoungGen      total 16384K, used 15328K [0x00000000d5580000, 0x00000000d6a80000, 0x0000000100000000)
  eden space 14336K, 100% used [0x00000000d5580000,0x00000000d6380000,0x00000000d6380000)
  from space 2048K, 48% used [0x00000000d6680000,0x00000000d6778000,0x00000000d6880000)
  to   space 1536K, 0% used [0x00000000d6900000,0x00000000d6900000,0x00000000d6a80000)
 ParOldGen       total 68608K, used 34943K [0x0000000080000000, 0x0000000084300000, 0x00000000d5580000)
  object space 68608K, 50% used [0x0000000080000000,0x000000008221fde0,0x0000000084300000)
 Metaspace       used 46702K, committed 47936K, reserved 1114112K
  class space    used 5116K, committed 5632K, reserved 1048576K
}
Event: 7.183 GC heap after
{Heap after GC invocations=24 (full 2):
 PSYoungGen      total 14848K, used 379K [0x00000000d5580000, 0x00000000d6980000, 0x0000000100000000)
  eden space 14336K, 0% used [0x00000000d5580000,0x00000000d5580000,0x00000000d6380000)
  from space 512K, 74% used [0x00000000d6900000,0x00000000d695ee98,0x00000000d6980000)
  to   space 1024K, 0% used [0x00000000d6780000,0x00000000d6780000,0x00000000d6880000)
 ParOldGen       total 68608K, used 35745K [0x0000000080000000, 0x0000000084300000, 0x00000000d5580000)
  object space 68608K, 52% used [0x0000000080000000,0x00000000822e8480,0x0000000084300000)
 Metaspace       used 46702K, committed 47936K, reserved 1114112K
  class space    used 5116K, committed 5632K, reserved 1048576K
}
Event: 7.272 GC heap before
{Heap before GC invocations=25 (full 2):
 PSYoungGen      total 14848K, used 14715K [0x00000000d5580000, 0x00000000d6980000, 0x0000000100000000)
  eden space 14336K, 100% used [0x00000000d5580000,0x00000000d6380000,0x00000000d6380000)
  from space 512K, 74% used [0x00000000d6900000,0x00000000d695ee98,0x00000000d6980000)
  to   space 1024K, 0% used [0x00000000d6780000,0x00000000d6780000,0x00000000d6880000)
 ParOldGen       total 68608K, used 35745K [0x0000000080000000, 0x0000000084300000, 0x00000000d5580000)
  object space 68608K, 52% used [0x0000000080000000,0x00000000822e8480,0x0000000084300000)
 Metaspace       used 46823K, committed 48128K, reserved 1114112K
  class space    used 5139K, committed 5696K, reserved 1048576K
}
Event: 7.273 GC heap after
{Heap after GC invocations=25 (full 2):
 PSYoungGen      total 15360K, used 512K [0x00000000d5580000, 0x00000000d6980000, 0x0000000100000000)
  eden space 14336K, 0% used [0x00000000d5580000,0x00000000d5580000,0x00000000d6380000)
  from space 1024K, 50% used [0x00000000d6780000,0x00000000d6800000,0x00000000d6880000)
  to   space 1024K, 0% used [0x00000000d6880000,0x00000000d6880000,0x00000000d6980000)
 ParOldGen       total 68608K, used 36005K [0x0000000080000000, 0x0000000084300000, 0x00000000d5580000)
  object space 68608K, 52% used [0x0000000080000000,0x0000000082329660,0x0000000084300000)
 Metaspace       used 46823K, committed 48128K, reserved 1114112K
  class space    used 5139K, committed 5696K, reserved 1048576K
}

